<?xml version="1.0" encoding="utf-8"?><testsuites name="pytest tests"><testsuite name="pytest" errors="0" failures="0" skipped="0" tests="8" time="0.860" timestamp="2026-05-01T08:38:33.528805+00:00" hostname="agent-env-1b5d22e8-073f-4f1a-90a5-0ef4555aca6e"><testcase classname="backend.tests.backend_test.TestHealth" name="test_root" time="0.197" /><testcase classname="backend.tests.backend_test.TestWaitlist" name="test_create_waitlist_valid" time="0.047" /><testcase classname="backend.tests.backend_test.TestWaitlist" name="test_create_waitlist_idempotent" time="0.129" /><testcase classname="backend.tests.backend_test.TestWaitlist" name="test_create_waitlist_invalid_email" time="0.053" /><testcase classname="backend.tests.backend_test.TestWaitlist" name="test_waitlist_count" time="0.046" /><testcase classname="backend.tests.backend_test.TestContact" name="test_contact_valid" time="0.045" /><testcase classname="backend.tests.backend_test.TestContact" name="test_contact_short_message" time="0.044" /><testcase classname="backend.tests.backend_test.TestContact" name="test_contact_invalid_email" time="0.045" /></testsuite></testsuites>